<?xml version="1.0" encoding="UTF-8"?>
<!-- Generated by org.testng.reporters.JUnitReportReporter -->
<testsuite hostname="LAPTOP-8CCMCL84" failures="0" tests="1" name="org.vtiger.Contacts.CreateContactWithOrganizationTest" time="34.847" errors="0" timestamp="2022-07-12T23:18:59 IST" skipped="0">
  <testcase classname="org.vtiger.Contacts.CreateContactWithOrganizationTest" name="createContactWithOrganizationTest" time="34.847"/>
  <system-out/>
</testsuite> <!-- org.vtiger.Contacts.CreateContactWithOrganizationTest -->
