<?xml version="1.0" encoding="UTF-8"?>
<!-- Generated by org.testng.reporters.JUnitReportReporter -->
<testsuite hostname="LAPTOP-8CCMCL84" failures="0" tests="1" name="org.vtiger.organisations.CreateOrganizationTest" time="20.209" errors="0" timestamp="2022-07-12T23:45:43 IST" skipped="0">
  <testcase classname="org.vtiger.organisations.CreateOrganizationTest" name="createOrganizationTest" time="20.209"/>
  <system-out/>
</testsuite> <!-- org.vtiger.organisations.CreateOrganizationTest -->
