<?xml version="1.0" encoding="UTF-8"?>
<!-- Generated by org.testng.reporters.JUnitReportReporter -->
<testsuite hostname="LAPTOP-8CCMCL84" failures="0" tests="1" name="org.vtiger.Contacts.CreateContactTest" time="21.756" errors="0" timestamp="2022-07-12T23:15:22 IST" skipped="0">
  <testcase classname="org.vtiger.Contacts.CreateContactTest" name="createContactTest" time="21.756"/>
  <system-out/>
</testsuite> <!-- org.vtiger.Contacts.CreateContactTest -->
