<?xml version="1.0" encoding="UTF-8"?>
<!-- Generated by org.testng.reporters.JUnitReportReporter -->
<testsuite hostname="LAPTOP-8CCMCL84" failures="0" tests="1" name="org.vtiger.documents.CreateDocumentTest" time="21.650" errors="0" timestamp="2022-07-12T23:23:49 IST" skipped="0">
  <testcase classname="org.vtiger.documents.CreateDocumentTest" name="createDocumentTest" time="21.650"/>
  <system-out/>
</testsuite> <!-- org.vtiger.documents.CreateDocumentTest -->
