<?xml version="1.0" encoding="UTF-8"?>
<!-- Generated by org.testng.reporters.JUnitReportReporter -->
<testsuite hostname="LAPTOP-8CCMCL84" failures="0" tests="1" name="org.vtiger.products.CreateProductTest" time="19.071" errors="0" timestamp="2022-07-12T23:31:58 IST" skipped="0">
  <testcase classname="org.vtiger.products.CreateProductTest" name="createProductTest" time="19.071"/>
  <system-out/>
</testsuite> <!-- org.vtiger.products.CreateProductTest -->
