<?xml version="1.0" encoding="UTF-8"?>
<!-- Generated by org.testng.reporters.JUnitReportReporter -->
<testsuite hostname="LAPTOP-8CCMCL84" failures="0" tests="1" name="org.vtiger.organisations.CreateOrganizationWithIndustryAndTypeTest" time="20.639" errors="0" timestamp="2022-07-12T23:47:56 IST" skipped="0">
  <testcase classname="org.vtiger.organisations.CreateOrganizationWithIndustryAndTypeTest" name="createOrganizationWithIndustryAndTypeTest" time="20.639"/>
  <system-out/>
</testsuite> <!-- org.vtiger.organisations.CreateOrganizationWithIndustryAndTypeTest -->
