<?xml version="1.0" encoding="UTF-8"?>
<!-- Generated by org.testng.reporters.JUnitReportReporter -->
<testsuite hostname="LAPTOP-8CCMCL84" failures="0" tests="1" name="org.vtiger.campaigns.CreateCampaignWithProductTest" time="19.466" errors="0" timestamp="27 Jul 2022 13:02:10 GMT">
  <testcase classname="org.vtiger.campaigns.CreateCampaignWithProductTest" name="createCampaignWithProductTest" time="19.466"/>
</testsuite> <!-- org.vtiger.campaigns.CreateCampaignWithProductTest -->
